{
	"/Users/taidinh/Codes/projectMovie/src/App.tsx": {
		"path": "/Users/taidinh/Codes/projectMovie/src/App.tsx",
		"statementMap": {
			"0": {
				"start": { "line": 11, "column": 1 },
				"end": { "line": 17, "column": 3 }
			}
		},
		"fnMap": {
			"0": {
				"name": "App",
				"decl": {
					"start": { "line": 10, "column": 9 },
					"end": { "line": 10, "column": 12 }
				},
				"loc": {
					"start": { "line": 10, "column": 15 },
					"end": { "line": 18, "column": 1 }
				},
				"line": 10
			}
		},
		"branchMap": {},
		"s": { "0": 0 },
		"f": { "0": 0 },
		"b": {}
	},
	"/Users/taidinh/Codes/projectMovie/src/main.tsx": {
		"path": "/Users/taidinh/Codes/projectMovie/src/main.tsx",
		"statementMap": {
			"0": {
				"start": { "line": 6, "column": 0 },
				"end": { "line": 10, "column": 2 }
			}
		},
		"fnMap": {},
		"branchMap": {},
		"s": { "0": 0 },
		"f": {},
		"b": {}
	},
	"/Users/taidinh/Codes/projectMovie/src/api/apiConfig.ts": {
		"path": "/Users/taidinh/Codes/projectMovie/src/api/apiConfig.ts",
		"statementMap": {
			"0": {
				"start": { "line": 1, "column": 18 },
				"end": { "line": 7, "column": 1 }
			},
			"1": {
				"start": { "line": 5, "column": 2 },
				"end": { "line": 5, "column": 50 }
			},
			"2": {
				"start": { "line": 6, "column": 33 },
				"end": { "line": 6, "column": 76 }
			}
		},
		"fnMap": {
			"0": {
				"name": "(anonymous_0)",
				"decl": {
					"start": { "line": 4, "column": 16 },
					"end": { "line": 4, "column": 17 }
				},
				"loc": {
					"start": { "line": 5, "column": 2 },
					"end": { "line": 5, "column": 50 }
				},
				"line": 5
			},
			"1": {
				"name": "(anonymous_1)",
				"decl": {
					"start": { "line": 6, "column": 12 },
					"end": { "line": 6, "column": 13 }
				},
				"loc": {
					"start": { "line": 6, "column": 33 },
					"end": { "line": 6, "column": 76 }
				},
				"line": 6
			}
		},
		"branchMap": {},
		"s": { "0": 1, "1": 1, "2": 1 },
		"f": { "0": 1, "1": 1 },
		"b": {},
		"_coverageSchema": "1a1c01bbd47fc00a2c39e90264f33305004495a9",
		"hash": "9bdfe43b4b7c8a6026dab1518d3fc827ae2d92f1"
	},
	"/Users/taidinh/Codes/projectMovie/src/api/axiosClient.ts": {
		"path": "/Users/taidinh/Codes/projectMovie/src/api/axiosClient.ts",
		"statementMap": {
			"0": {
				"start": { "line": 6, "column": 17 },
				"end": { "line": 16, "column": 2 }
			},
			"1": {
				"start": { "line": 13, "column": 3 },
				"end": { "line": 13, "column": 74 }
			},
			"2": {
				"start": { "line": 19, "column": 0 },
				"end": { "line": 19, "column": 60 }
			},
			"3": {
				"start": { "line": 19, "column": 52 },
				"end": { "line": 19, "column": 58 }
			}
		},
		"fnMap": {
			"0": {
				"name": "(anonymous_0)",
				"decl": {
					"start": { "line": 12, "column": 13 },
					"end": { "line": 12, "column": 14 }
				},
				"loc": {
					"start": { "line": 12, "column": 25 },
					"end": { "line": 14, "column": 3 }
				},
				"line": 12
			},
			"1": {
				"name": "(anonymous_1)",
				"decl": {
					"start": { "line": 19, "column": 34 },
					"end": { "line": 19, "column": 35 }
				},
				"loc": {
					"start": { "line": 19, "column": 52 },
					"end": { "line": 19, "column": 58 }
				},
				"line": 19
			}
		},
		"branchMap": {},
		"s": { "0": 0, "1": 0, "2": 0, "3": 0 },
		"f": { "0": 0, "1": 0 },
		"b": {}
	},
	"/Users/taidinh/Codes/projectMovie/src/api/tmdbApi.ts": {
		"path": "/Users/taidinh/Codes/projectMovie/src/api/tmdbApi.ts",
		"statementMap": {
			"0": {
				"start": { "line": 13, "column": 38 },
				"end": { "line": 16, "column": 1 }
			},
			"1": {
				"start": { "line": 22, "column": 36 },
				"end": { "line": 26, "column": 1 }
			},
			"2": {
				"start": { "line": 32, "column": 30 },
				"end": { "line": 36, "column": 1 }
			},
			"3": {
				"start": { "line": 118, "column": 16 },
				"end": { "line": 153, "column": 1 }
			},
			"4": {
				"start": { "line": 120, "column": 14 },
				"end": { "line": 120, "column": 40 }
			},
			"5": {
				"start": { "line": 121, "column": 2 },
				"end": { "line": 121, "column": 50 }
			},
			"6": {
				"start": { "line": 125, "column": 14 },
				"end": { "line": 125, "column": 34 }
			},
			"7": {
				"start": { "line": 126, "column": 2 },
				"end": { "line": 126, "column": 50 }
			},
			"8": {
				"start": { "line": 130, "column": 14 },
				"end": { "line": 130, "column": 46 }
			},
			"9": {
				"start": { "line": 131, "column": 2 },
				"end": { "line": 131, "column": 58 }
			},
			"10": {
				"start": { "line": 135, "column": 14 },
				"end": { "line": 135, "column": 40 }
			},
			"11": {
				"start": { "line": 136, "column": 2 },
				"end": { "line": 136, "column": 50 }
			},
			"12": {
				"start": { "line": 140, "column": 14 },
				"end": { "line": 140, "column": 39 }
			},
			"13": {
				"start": { "line": 141, "column": 2 },
				"end": { "line": 141, "column": 56 }
			},
			"14": {
				"start": { "line": 145, "column": 14 },
				"end": { "line": 145, "column": 75 }
			},
			"15": {
				"start": { "line": 146, "column": 2 },
				"end": { "line": 146, "column": 43 }
			},
			"16": {
				"start": { "line": 150, "column": 14 },
				"end": { "line": 150, "column": 75 }
			},
			"17": {
				"start": { "line": 151, "column": 2 },
				"end": { "line": 151, "column": 27 }
			}
		},
		"fnMap": {
			"0": {
				"name": "(anonymous_0)",
				"decl": {
					"start": { "line": 119, "column": 16 },
					"end": { "line": 119, "column": 17 }
				},
				"loc": {
					"start": { "line": 119, "column": 55 },
					"end": { "line": 122, "column": 2 }
				},
				"line": 119
			},
			"1": {
				"name": "(anonymous_1)",
				"decl": {
					"start": { "line": 124, "column": 12 },
					"end": { "line": 124, "column": 13 }
				},
				"loc": {
					"start": { "line": 124, "column": 48 },
					"end": { "line": 127, "column": 2 }
				},
				"line": 124
			},
			"2": {
				"name": "(anonymous_2)",
				"decl": {
					"start": { "line": 129, "column": 12 },
					"end": { "line": 129, "column": 13 }
				},
				"loc": {
					"start": { "line": 129, "column": 41 },
					"end": { "line": 132, "column": 2 }
				},
				"line": 129
			},
			"3": {
				"name": "(anonymous_3)",
				"decl": {
					"start": { "line": 134, "column": 9 },
					"end": { "line": 134, "column": 10 }
				},
				"loc": {
					"start": { "line": 134, "column": 43 },
					"end": { "line": 137, "column": 2 }
				},
				"line": 134
			},
			"4": {
				"name": "(anonymous_4)",
				"decl": {
					"start": { "line": 139, "column": 9 },
					"end": { "line": 139, "column": 10 }
				},
				"loc": {
					"start": { "line": 139, "column": 55 },
					"end": { "line": 142, "column": 2 }
				},
				"line": 139
			},
			"5": {
				"name": "(anonymous_5)",
				"decl": {
					"start": { "line": 144, "column": 10 },
					"end": { "line": 144, "column": 11 }
				},
				"loc": {
					"start": { "line": 144, "column": 39 },
					"end": { "line": 147, "column": 2 }
				},
				"line": 144
			},
			"6": {
				"name": "(anonymous_6)",
				"decl": {
					"start": { "line": 149, "column": 10 },
					"end": { "line": 149, "column": 11 }
				},
				"loc": {
					"start": { "line": 149, "column": 39 },
					"end": { "line": 152, "column": 2 }
				},
				"line": 149
			}
		},
		"branchMap": {},
		"s": {
			"0": 0,
			"1": 0,
			"2": 0,
			"3": 0,
			"4": 0,
			"5": 0,
			"6": 0,
			"7": 0,
			"8": 0,
			"9": 0,
			"10": 0,
			"11": 0,
			"12": 0,
			"13": 0,
			"14": 0,
			"15": 0,
			"16": 0,
			"17": 0
		},
		"f": { "0": 0, "1": 0, "2": 0, "3": 0, "4": 0, "5": 0, "6": 0 },
		"b": {}
	},
	"/Users/taidinh/Codes/projectMovie/src/components/atoms/index.ts": {
		"path": "/Users/taidinh/Codes/projectMovie/src/components/atoms/index.ts",
		"statementMap": {},
		"fnMap": {},
		"branchMap": {},
		"s": {},
		"f": {},
		"b": {},
		"_coverageSchema": "1a1c01bbd47fc00a2c39e90264f33305004495a9",
		"hash": "89cefc964c4eac06a3ba084120f6344b709c55d2"
	},
	"/Users/taidinh/Codes/projectMovie/src/components/atoms/button/Button.tsx": {
		"path": "/Users/taidinh/Codes/projectMovie/src/components/atoms/button/Button.tsx",
		"statementMap": {
			"0": {
				"start": { "line": 13, "column": 27 },
				"end": { "line": 35, "column": 1 }
			},
			"1": {
				"start": { "line": 20, "column": 1 },
				"end": { "line": 34, "column": 3 }
			}
		},
		"fnMap": {
			"0": {
				"name": "(anonymous_0)",
				"decl": {
					"start": { "line": 13, "column": 27 },
					"end": { "line": 13, "column": 28 }
				},
				"loc": {
					"start": { "line": 19, "column": 6 },
					"end": { "line": 35, "column": 1 }
				},
				"line": 19
			}
		},
		"branchMap": {},
		"s": { "0": 4, "1": 2 },
		"f": { "0": 2 },
		"b": {},
		"_coverageSchema": "1a1c01bbd47fc00a2c39e90264f33305004495a9",
		"hash": "b4485e6d43a18e44028a333aeb30059c954da63f"
	},
	"/Users/taidinh/Codes/projectMovie/src/components/atoms/input/Input.tsx": {
		"path": "/Users/taidinh/Codes/projectMovie/src/components/atoms/input/Input.tsx",
		"statementMap": {
			"0": {
				"start": { "line": 12, "column": 26 },
				"end": { "line": 21, "column": 1 }
			},
			"1": {
				"start": { "line": 13, "column": 1 },
				"end": { "line": 20, "column": 3 }
			}
		},
		"fnMap": {
			"0": {
				"name": "(anonymous_0)",
				"decl": {
					"start": { "line": 12, "column": 26 },
					"end": { "line": 12, "column": 27 }
				},
				"loc": {
					"start": { "line": 12, "column": 70 },
					"end": { "line": 21, "column": 1 }
				},
				"line": 12
			}
		},
		"branchMap": {},
		"s": { "0": 3, "1": 2 },
		"f": { "0": 2 },
		"b": {},
		"_coverageSchema": "1a1c01bbd47fc00a2c39e90264f33305004495a9",
		"hash": "2c64aa827a44e44cd072cbc0ad77264d4689eaa4"
	},
	"/Users/taidinh/Codes/projectMovie/src/components/atoms/spin/Spin.tsx": {
		"path": "/Users/taidinh/Codes/projectMovie/src/components/atoms/spin/Spin.tsx",
		"statementMap": {
			"0": {
				"start": { "line": 5, "column": 13 },
				"end": { "line": 12, "column": 1 }
			},
			"1": {
				"start": { "line": 6, "column": 1 },
				"end": { "line": 11, "column": 3 }
			}
		},
		"fnMap": {
			"0": {
				"name": "(anonymous_0)",
				"decl": {
					"start": { "line": 5, "column": 13 },
					"end": { "line": 5, "column": 14 }
				},
				"loc": {
					"start": { "line": 5, "column": 19 },
					"end": { "line": 12, "column": 1 }
				},
				"line": 5
			}
		},
		"branchMap": {},
		"s": { "0": 3, "1": 1 },
		"f": { "0": 1 },
		"b": {},
		"_coverageSchema": "1a1c01bbd47fc00a2c39e90264f33305004495a9",
		"hash": "d7ff5d31755bfec3259b4bace5ea77a5a247f775"
	},
	"/Users/taidinh/Codes/projectMovie/src/components/molecules/index.ts": {
		"path": "/Users/taidinh/Codes/projectMovie/src/components/molecules/index.ts",
		"statementMap": {},
		"fnMap": {},
		"branchMap": {},
		"s": {},
		"f": {},
		"b": {}
	},
	"/Users/taidinh/Codes/projectMovie/src/components/molecules/modal/Modal.tsx": {
		"path": "/Users/taidinh/Codes/projectMovie/src/components/molecules/modal/Modal.tsx",
		"statementMap": {
			"0": {
				"start": { "line": 19, "column": 26 },
				"end": { "line": 32, "column": 1 }
			},
			"1": {
				"start": { "line": 21, "column": 2 },
				"end": { "line": 28, "column": 8 }
			},
			"2": {
				"start": { "line": 22, "column": 50 },
				"end": { "line": 22, "column": 69 }
			},
			"3": {
				"start": { "line": 31, "column": 1 },
				"end": { "line": 31, "column": 43 }
			}
		},
		"fnMap": {
			"0": {
				"name": "(anonymous_0)",
				"decl": {
					"start": { "line": 19, "column": 26 },
					"end": { "line": 19, "column": 27 }
				},
				"loc": {
					"start": { "line": 19, "column": 71 },
					"end": { "line": 32, "column": 1 }
				},
				"line": 19
			},
			"1": {
				"name": "(anonymous_1)",
				"decl": {
					"start": { "line": 22, "column": 43 },
					"end": { "line": 22, "column": 44 }
				},
				"loc": {
					"start": { "line": 22, "column": 50 },
					"end": { "line": 22, "column": 69 }
				},
				"line": 22
			}
		},
		"branchMap": {
			"0": {
				"loc": {
					"start": { "line": 19, "column": 43 },
					"end": { "line": 19, "column": 55 }
				},
				"type": "default-arg",
				"locations": [
					{
						"start": { "line": 19, "column": 50 },
						"end": { "line": 19, "column": 55 }
					}
				],
				"line": 19
			}
		},
		"s": { "0": 1, "1": 1, "2": 1, "3": 1 },
		"f": { "0": 1, "1": 1 },
		"b": { "0": [1] },
		"_coverageSchema": "1a1c01bbd47fc00a2c39e90264f33305004495a9",
		"hash": "6403ddfd335a345c5fb380d144a421d56a883c83"
	},
	"/Users/taidinh/Codes/projectMovie/src/components/molecules/movieCard/MovieCard.tsx": {
		"path": "/Users/taidinh/Codes/projectMovie/src/components/molecules/movieCard/MovieCard.tsx",
		"statementMap": {
			"0": {
				"start": { "line": 16, "column": 18 },
				"end": { "line": 39, "column": 1 }
			},
			"1": {
				"start": { "line": 18, "column": 58 },
				"end": { "line": 18, "column": 62 }
			},
			"2": {
				"start": { "line": 20, "column": 15 },
				"end": { "line": 20, "column": 35 }
			},
			"3": {
				"start": { "line": 22, "column": 13 },
				"end": { "line": 22, "column": 62 }
			},
			"4": {
				"start": { "line": 24, "column": 2 },
				"end": { "line": 37, "column": 4 }
			},
			"5": {
				"start": { "line": 41, "column": 0 },
				"end": { "line": 41, "column": 36 }
			}
		},
		"fnMap": {
			"0": {
				"name": "(anonymous_0)",
				"decl": {
					"start": { "line": 17, "column": 1 },
					"end": { "line": 17, "column": 2 }
				},
				"loc": {
					"start": { "line": 17, "column": 30 },
					"end": { "line": 38, "column": 2 }
				},
				"line": 17
			}
		},
		"branchMap": {
			"0": {
				"loc": {
					"start": { "line": 22, "column": 33 },
					"end": { "line": 22, "column": 61 }
				},
				"type": "binary-expr",
				"locations": [
					{
						"start": { "line": 22, "column": 33 },
						"end": { "line": 22, "column": 44 }
					},
					{
						"start": { "line": 22, "column": 48 },
						"end": { "line": 22, "column": 61 }
					}
				],
				"line": 22
			},
			"1": {
				"loc": {
					"start": { "line": 35, "column": 10 },
					"end": { "line": 35, "column": 23 }
				},
				"type": "binary-expr",
				"locations": [
					{
						"start": { "line": 35, "column": 10 },
						"end": { "line": 35, "column": 15 }
					},
					{
						"start": { "line": 35, "column": 19 },
						"end": { "line": 35, "column": 23 }
					}
				],
				"line": 35
			}
		},
		"s": { "0": 0, "1": 0, "2": 0, "3": 0, "4": 0, "5": 0 },
		"f": { "0": 0 },
		"b": { "0": [0, 0], "1": [0, 0] }
	},
	"/Users/taidinh/Codes/projectMovie/src/components/molecules/movieGrid/MovieGrid.tsx": {
		"path": "/Users/taidinh/Codes/projectMovie/src/components/molecules/movieGrid/MovieGrid.tsx",
		"statementMap": {
			"0": {
				"start": { "line": 15, "column": 30 },
				"end": { "line": 72, "column": 1 }
			},
			"1": {
				"start": { "line": 16, "column": 27 },
				"end": { "line": 16, "column": 39 }
			},
			"2": {
				"start": { "line": 17, "column": 25 },
				"end": { "line": 17, "column": 36 }
			},
			"3": {
				"start": { "line": 18, "column": 39 },
				"end": { "line": 18, "column": 76 }
			},
			"4": {
				"start": { "line": 20, "column": 23 },
				"end": { "line": 20, "column": 55 }
			},
			"5": {
				"start": { "line": 21, "column": 28 },
				"end": { "line": 21, "column": 41 }
			},
			"6": {
				"start": { "line": 23, "column": 18 },
				"end": { "line": 26, "column": 2 }
			},
			"7": {
				"start": { "line": 24, "column": 2 },
				"end": { "line": 24, "column": 31 }
			},
			"8": {
				"start": { "line": 25, "column": 2 },
				"end": { "line": 25, "column": 13 }
			},
			"9": {
				"start": { "line": 28, "column": 18 },
				"end": { "line": 35, "column": 2 }
			},
			"10": {
				"start": { "line": 30, "column": 17 },
				"end": { "line": 30, "column": 27 }
			},
			"11": {
				"start": { "line": 31, "column": 3 },
				"end": { "line": 33, "column": 4 }
			},
			"12": {
				"start": { "line": 32, "column": 4 },
				"end": { "line": 32, "column": 28 }
			},
			"13": {
				"start": { "line": 32, "column": 20 },
				"end": { "line": 32, "column": 26 }
			},
			"14": {
				"start": { "line": 37, "column": 1 },
				"end": { "line": 50, "column": 19 }
			},
			"15": {
				"start": { "line": 38, "column": 25 },
				"end": { "line": 38, "column": 36 }
			},
			"16": {
				"start": { "line": 39, "column": 26 },
				"end": { "line": 39, "column": 42 }
			},
			"17": {
				"start": { "line": 41, "column": 2 },
				"end": { "line": 43, "column": 3 }
			},
			"18": {
				"start": { "line": 42, "column": 3 },
				"end": { "line": 42, "column": 43 }
			},
			"19": {
				"start": { "line": 45, "column": 2 },
				"end": { "line": 49, "column": 4 }
			},
			"20": {
				"start": { "line": 46, "column": 3 },
				"end": { "line": 48, "column": 4 }
			},
			"21": {
				"start": { "line": 47, "column": 4 },
				"end": { "line": 47, "column": 46 }
			},
			"22": {
				"start": { "line": 52, "column": 1 },
				"end": { "line": 71, "column": 3 }
			},
			"23": {
				"start": { "line": 60, "column": 6 },
				"end": { "line": 65, "column": 8 }
			}
		},
		"fnMap": {
			"0": {
				"name": "(anonymous_0)",
				"decl": {
					"start": { "line": 15, "column": 30 },
					"end": { "line": 15, "column": 31 }
				},
				"loc": {
					"start": { "line": 15, "column": 48 },
					"end": { "line": 72, "column": 1 }
				},
				"line": 15
			},
			"1": {
				"name": "(anonymous_1)",
				"decl": {
					"start": { "line": 23, "column": 18 },
					"end": { "line": 23, "column": 19 }
				},
				"loc": {
					"start": { "line": 23, "column": 66 },
					"end": { "line": 26, "column": 2 }
				},
				"line": 23
			},
			"2": {
				"name": "(anonymous_2)",
				"decl": {
					"start": { "line": 29, "column": 27 },
					"end": { "line": 29, "column": 28 }
				},
				"loc": {
					"start": { "line": 29, "column": 40 },
					"end": { "line": 34, "column": 3 }
				},
				"line": 29
			},
			"3": {
				"name": "(anonymous_3)",
				"decl": {
					"start": { "line": 32, "column": 12 },
					"end": { "line": 32, "column": 13 }
				},
				"loc": {
					"start": { "line": 32, "column": 20 },
					"end": { "line": 32, "column": 26 }
				},
				"line": 32
			},
			"4": {
				"name": "(anonymous_4)",
				"decl": {
					"start": { "line": 37, "column": 11 },
					"end": { "line": 37, "column": 12 }
				},
				"loc": {
					"start": { "line": 37, "column": 17 },
					"end": { "line": 50, "column": 2 }
				},
				"line": 37
			},
			"5": {
				"name": "(anonymous_5)",
				"decl": {
					"start": { "line": 45, "column": 9 },
					"end": { "line": 45, "column": 10 }
				},
				"loc": {
					"start": { "line": 45, "column": 15 },
					"end": { "line": 49, "column": 3 }
				},
				"line": 45
			},
			"6": {
				"name": "(anonymous_6)",
				"decl": {
					"start": { "line": 59, "column": 16 },
					"end": { "line": 59, "column": 17 }
				},
				"loc": {
					"start": { "line": 60, "column": 6 },
					"end": { "line": 65, "column": 8 }
				},
				"line": 60
			}
		},
		"branchMap": {
			"0": {
				"loc": {
					"start": { "line": 31, "column": 3 },
					"end": { "line": 33, "column": 4 }
				},
				"type": "if",
				"locations": [
					{
						"start": { "line": 31, "column": 3 },
						"end": { "line": 33, "column": 4 }
					},
					{ "start": {}, "end": {} }
				],
				"line": 31
			},
			"1": {
				"loc": {
					"start": { "line": 41, "column": 2 },
					"end": { "line": 43, "column": 3 }
				},
				"type": "if",
				"locations": [
					{
						"start": { "line": 41, "column": 2 },
						"end": { "line": 43, "column": 3 }
					},
					{ "start": {}, "end": {} }
				],
				"line": 41
			},
			"2": {
				"loc": {
					"start": { "line": 46, "column": 3 },
					"end": { "line": 48, "column": 4 }
				},
				"type": "if",
				"locations": [
					{
						"start": { "line": 46, "column": 3 },
						"end": { "line": 48, "column": 4 }
					},
					{ "start": {}, "end": {} }
				],
				"line": 46
			},
			"3": {
				"loc": {
					"start": { "line": 68, "column": 5 },
					"end": { "line": 68, "column": 24 }
				},
				"type": "binary-expr",
				"locations": [
					{
						"start": { "line": 68, "column": 5 },
						"end": { "line": 68, "column": 12 }
					},
					{
						"start": { "line": 68, "column": 16 },
						"end": { "line": 68, "column": 24 }
					}
				],
				"line": 68
			}
		},
		"s": {
			"0": 0,
			"1": 0,
			"2": 0,
			"3": 0,
			"4": 0,
			"5": 0,
			"6": 0,
			"7": 0,
			"8": 0,
			"9": 0,
			"10": 0,
			"11": 0,
			"12": 0,
			"13": 0,
			"14": 0,
			"15": 0,
			"16": 0,
			"17": 0,
			"18": 0,
			"19": 0,
			"20": 0,
			"21": 0,
			"22": 0,
			"23": 0
		},
		"f": { "0": 0, "1": 0, "2": 0, "3": 0, "4": 0, "5": 0, "6": 0 },
		"b": { "0": [0, 0], "1": [0, 0], "2": [0, 0], "3": [0, 0] }
	},
	"/Users/taidinh/Codes/projectMovie/src/components/molecules/movieSearch/MovieSearch.tsx": {
		"path": "/Users/taidinh/Codes/projectMovie/src/components/molecules/movieSearch/MovieSearch.tsx",
		"statementMap": {
			"0": {
				"start": { "line": 13, "column": 32 },
				"end": { "line": 25, "column": 1 }
			},
			"1": {
				"start": { "line": 14, "column": 1 },
				"end": { "line": 24, "column": 3 }
			}
		},
		"fnMap": {
			"0": {
				"name": "(anonymous_0)",
				"decl": {
					"start": { "line": 13, "column": 32 },
					"end": { "line": 13, "column": 33 }
				},
				"loc": {
					"start": { "line": 13, "column": 59 },
					"end": { "line": 25, "column": 1 }
				},
				"line": 13
			}
		},
		"branchMap": {},
		"s": { "0": 1, "1": 1 },
		"f": { "0": 1 },
		"b": {},
		"_coverageSchema": "1a1c01bbd47fc00a2c39e90264f33305004495a9",
		"hash": "c606af7b4b6a29900ac83f3ca26c068327f7ad15"
	},
	"/Users/taidinh/Codes/projectMovie/src/components/molecules/pageHeader/PageHeader.tsx": {
		"path": "/Users/taidinh/Codes/projectMovie/src/components/molecules/pageHeader/PageHeader.tsx",
		"statementMap": {
			"0": {
				"start": { "line": 11, "column": 31 },
				"end": { "line": 17, "column": 1 }
			},
			"1": {
				"start": { "line": 12, "column": 1 },
				"end": { "line": 16, "column": 3 }
			}
		},
		"fnMap": {
			"0": {
				"name": "(anonymous_0)",
				"decl": {
					"start": { "line": 11, "column": 31 },
					"end": { "line": 11, "column": 32 }
				},
				"loc": {
					"start": { "line": 11, "column": 49 },
					"end": { "line": 17, "column": 1 }
				},
				"line": 11
			}
		},
		"branchMap": {},
		"s": { "0": 0, "1": 0 },
		"f": { "0": 0 },
		"b": {}
	},
	"/Users/taidinh/Codes/projectMovie/src/components/molecules/slide/HeroSlide.tsx": {
		"path": "/Users/taidinh/Codes/projectMovie/src/components/molecules/slide/HeroSlide.tsx",
		"statementMap": {
			"0": {
				"start": { "line": 13, "column": 22 },
				"end": { "line": 65, "column": 1 }
			},
			"1": {
				"start": { "line": 14, "column": 37 },
				"end": { "line": 14, "column": 72 }
			},
			"2": {
				"start": { "line": 16, "column": 1 },
				"end": { "line": 34, "column": 8 }
			},
			"3": {
				"start": { "line": 17, "column": 20 },
				"end": { "line": 31, "column": 3 }
			},
			"4": {
				"start": { "line": 18, "column": 18 },
				"end": { "line": 18, "column": 29 }
			},
			"5": {
				"start": { "line": 20, "column": 3 },
				"end": { "line": 30, "column": 4 }
			},
			"6": {
				"start": { "line": 21, "column": 21 },
				"end": { "line": 23, "column": 6 }
			},
			"7": {
				"start": { "line": 25, "column": 4 },
				"end": { "line": 27, "column": 5 }
			},
			"8": {
				"start": { "line": 26, "column": 5 },
				"end": { "line": 26, "column": 55 }
			},
			"9": {
				"start": { "line": 29, "column": 4 },
				"end": { "line": 29, "column": 23 }
			},
			"10": {
				"start": { "line": 33, "column": 2 },
				"end": { "line": 33, "column": 14 }
			},
			"11": {
				"start": { "line": 36, "column": 1 },
				"end": { "line": 64, "column": 3 }
			},
			"12": {
				"start": { "line": 50, "column": 5 },
				"end": { "line": 57, "column": 19 }
			},
			"13": {
				"start": { "line": 52, "column": 7 },
				"end": { "line": 55, "column": 9 }
			},
			"14": {
				"start": { "line": 61, "column": 4 },
				"end": { "line": 61, "column": 44 }
			}
		},
		"fnMap": {
			"0": {
				"name": "(anonymous_0)",
				"decl": {
					"start": { "line": 13, "column": 22 },
					"end": { "line": 13, "column": 23 }
				},
				"loc": {
					"start": { "line": 13, "column": 28 },
					"end": { "line": 65, "column": 1 }
				},
				"line": 13
			},
			"1": {
				"name": "(anonymous_1)",
				"decl": {
					"start": { "line": 16, "column": 11 },
					"end": { "line": 16, "column": 12 }
				},
				"loc": {
					"start": { "line": 16, "column": 17 },
					"end": { "line": 34, "column": 2 }
				},
				"line": 16
			},
			"2": {
				"name": "(anonymous_2)",
				"decl": {
					"start": { "line": 17, "column": 20 },
					"end": { "line": 17, "column": 21 }
				},
				"loc": {
					"start": { "line": 17, "column": 32 },
					"end": { "line": 31, "column": 3 }
				},
				"line": 17
			},
			"3": {
				"name": "(anonymous_3)",
				"decl": {
					"start": { "line": 49, "column": 20 },
					"end": { "line": 49, "column": 21 }
				},
				"loc": {
					"start": { "line": 50, "column": 5 },
					"end": { "line": 57, "column": 19 }
				},
				"line": 50
			},
			"4": {
				"name": "(anonymous_4)",
				"decl": {
					"start": { "line": 51, "column": 7 },
					"end": { "line": 51, "column": 8 }
				},
				"loc": {
					"start": { "line": 52, "column": 7 },
					"end": { "line": 55, "column": 9 }
				},
				"line": 52
			},
			"5": {
				"name": "(anonymous_5)",
				"decl": {
					"start": { "line": 60, "column": 19 },
					"end": { "line": 60, "column": 20 }
				},
				"loc": {
					"start": { "line": 61, "column": 4 },
					"end": { "line": 61, "column": 44 }
				},
				"line": 61
			}
		},
		"branchMap": {
			"0": {
				"loc": {
					"start": { "line": 25, "column": 4 },
					"end": { "line": 27, "column": 5 }
				},
				"type": "if",
				"locations": [
					{
						"start": { "line": 25, "column": 4 },
						"end": { "line": 27, "column": 5 }
					},
					{ "start": {}, "end": {} }
				],
				"line": 25
			},
			"1": {
				"loc": {
					"start": { "line": 54, "column": 22 },
					"end": { "line": 54, "column": 46 }
				},
				"type": "cond-expr",
				"locations": [
					{
						"start": { "line": 54, "column": 33 },
						"end": { "line": 54, "column": 41 }
					},
					{
						"start": { "line": 54, "column": 44 },
						"end": { "line": 54, "column": 46 }
					}
				],
				"line": 54
			}
		},
		"s": {
			"0": 0,
			"1": 0,
			"2": 0,
			"3": 0,
			"4": 0,
			"5": 0,
			"6": 0,
			"7": 0,
			"8": 0,
			"9": 0,
			"10": 0,
			"11": 0,
			"12": 0,
			"13": 0,
			"14": 0
		},
		"f": { "0": 0, "1": 0, "2": 0, "3": 0, "4": 0, "5": 0 },
		"b": { "0": [0, 0], "1": [0, 0] }
	},
	"/Users/taidinh/Codes/projectMovie/src/components/molecules/slide/HeroSlideItem.tsx": {
		"path": "/Users/taidinh/Codes/projectMovie/src/components/molecules/slide/HeroSlideItem.tsx",
		"statementMap": {
			"0": {
				"start": { "line": 15, "column": 34 },
				"end": { "line": 65, "column": 1 }
			},
			"1": {
				"start": { "line": 16, "column": 18 },
				"end": { "line": 16, "column": 31 }
			},
			"2": {
				"start": { "line": 18, "column": 61 },
				"end": { "line": 18, "column": 65 }
			},
			"3": {
				"start": { "line": 20, "column": 20 },
				"end": { "line": 20, "column": 73 }
			},
			"4": {
				"start": { "line": 22, "column": 22 },
				"end": { "line": 41, "column": 2 }
			},
			"5": {
				"start": { "line": 23, "column": 16 },
				"end": { "line": 23, "column": 54 }
			},
			"6": {
				"start": { "line": 25, "column": 17 },
				"end": { "line": 25, "column": 60 }
			},
			"7": {
				"start": { "line": 27, "column": 2 },
				"end": { "line": 27, "column": 44 }
			},
			"8": {
				"start": { "line": 29, "column": 2 },
				"end": { "line": 40, "column": 3 }
			},
			"9": {
				"start": { "line": 31, "column": 4 },
				"end": { "line": 31, "column": 65 }
			},
			"10": {
				"start": { "line": 32, "column": 3 },
				"end": { "line": 34, "column": 35 }
			},
			"11": {
				"start": { "line": 36, "column": 16 },
				"end": { "line": 36, "column": 54 }
			},
			"12": {
				"start": { "line": 37, "column": 3 },
				"end": { "line": 39, "column": 4 }
			},
			"13": {
				"start": { "line": 38, "column": 4 },
				"end": { "line": 38, "column": 34 }
			},
			"14": {
				"start": { "line": 43, "column": 1 },
				"end": { "line": 64, "column": 3 }
			},
			"15": {
				"start": { "line": 53, "column": 29 },
				"end": { "line": 53, "column": 53 }
			}
		},
		"fnMap": {
			"0": {
				"name": "(anonymous_0)",
				"decl": {
					"start": { "line": 15, "column": 34 },
					"end": { "line": 15, "column": 35 }
				},
				"loc": {
					"start": { "line": 15, "column": 59 },
					"end": { "line": 65, "column": 1 }
				},
				"line": 15
			},
			"1": {
				"name": "(anonymous_1)",
				"decl": {
					"start": { "line": 22, "column": 22 },
					"end": { "line": 22, "column": 23 }
				},
				"loc": {
					"start": { "line": 22, "column": 34 },
					"end": { "line": 41, "column": 2 }
				},
				"line": 22
			},
			"2": {
				"name": "(anonymous_2)",
				"decl": {
					"start": { "line": 53, "column": 23 },
					"end": { "line": 53, "column": 24 }
				},
				"loc": {
					"start": { "line": 53, "column": 29 },
					"end": { "line": 53, "column": 53 }
				},
				"line": 53
			}
		},
		"branchMap": {
			"0": {
				"loc": {
					"start": { "line": 20, "column": 44 },
					"end": { "line": 20, "column": 72 }
				},
				"type": "binary-expr",
				"locations": [
					{
						"start": { "line": 20, "column": 44 },
						"end": { "line": 20, "column": 57 }
					},
					{
						"start": { "line": 20, "column": 61 },
						"end": { "line": 20, "column": 72 }
					}
				],
				"line": 20
			},
			"1": {
				"loc": {
					"start": { "line": 27, "column": 2 },
					"end": { "line": 27, "column": 43 }
				},
				"type": "binary-expr",
				"locations": [
					{
						"start": { "line": 27, "column": 2 },
						"end": { "line": 27, "column": 7 }
					},
					{
						"start": { "line": 27, "column": 11 },
						"end": { "line": 27, "column": 43 }
					}
				],
				"line": 27
			},
			"2": {
				"loc": {
					"start": { "line": 29, "column": 2 },
					"end": { "line": 40, "column": 3 }
				},
				"type": "if",
				"locations": [
					{
						"start": { "line": 29, "column": 2 },
						"end": { "line": 40, "column": 3 }
					},
					{
						"start": { "line": 35, "column": 9 },
						"end": { "line": 40, "column": 3 }
					}
				],
				"line": 29
			},
			"3": {
				"loc": {
					"start": { "line": 29, "column": 6 },
					"end": { "line": 29, "column": 54 }
				},
				"type": "binary-expr",
				"locations": [
					{
						"start": { "line": 29, "column": 6 },
						"end": { "line": 29, "column": 36 }
					},
					{
						"start": { "line": 29, "column": 40 },
						"end": { "line": 29, "column": 54 }
					}
				],
				"line": 29
			},
			"4": {
				"loc": {
					"start": { "line": 37, "column": 3 },
					"end": { "line": 39, "column": 4 }
				},
				"type": "if",
				"locations": [
					{
						"start": { "line": 37, "column": 3 },
						"end": { "line": 39, "column": 4 }
					},
					{ "start": {}, "end": {} }
				],
				"line": 37
			}
		},
		"s": {
			"0": 0,
			"1": 0,
			"2": 0,
			"3": 0,
			"4": 0,
			"5": 0,
			"6": 0,
			"7": 0,
			"8": 0,
			"9": 0,
			"10": 0,
			"11": 0,
			"12": 0,
			"13": 0,
			"14": 0,
			"15": 0
		},
		"f": { "0": 0, "1": 0, "2": 0 },
		"b": { "0": [0, 0], "1": [0, 0], "2": [0, 0], "3": [0, 0], "4": [0, 0] }
	},
	"/Users/taidinh/Codes/projectMovie/src/components/molecules/slide/TrialModal.tsx": {
		"path": "/Users/taidinh/Codes/projectMovie/src/components/molecules/slide/TrialModal.tsx",
		"statementMap": {
			"0": {
				"start": { "line": 10, "column": 31 },
				"end": { "line": 29, "column": 1 }
			},
			"1": {
				"start": { "line": 11, "column": 12 },
				"end": { "line": 11, "column": 30 }
			},
			"2": {
				"start": { "line": 13, "column": 19 },
				"end": { "line": 13, "column": 50 }
			},
			"3": {
				"start": { "line": 15, "column": 17 },
				"end": { "line": 22, "column": 2 }
			},
			"4": {
				"start": { "line": 16, "column": 16 },
				"end": { "line": 16, "column": 48 }
			},
			"5": {
				"start": { "line": 18, "column": 2 },
				"end": { "line": 21, "column": 3 }
			},
			"6": {
				"start": { "line": 19, "column": 3 },
				"end": { "line": 19, "column": 45 }
			},
			"7": {
				"start": { "line": 20, "column": 3 },
				"end": { "line": 20, "column": 37 }
			},
			"8": {
				"start": { "line": 24, "column": 1 },
				"end": { "line": 28, "column": 3 }
			}
		},
		"fnMap": {
			"0": {
				"name": "(anonymous_0)",
				"decl": {
					"start": { "line": 10, "column": 31 },
					"end": { "line": 10, "column": 32 }
				},
				"loc": {
					"start": { "line": 10, "column": 45 },
					"end": { "line": 29, "column": 1 }
				},
				"line": 10
			},
			"1": {
				"name": "(anonymous_1)",
				"decl": {
					"start": { "line": 15, "column": 17 },
					"end": { "line": 15, "column": 18 }
				},
				"loc": {
					"start": { "line": 15, "column": 23 },
					"end": { "line": 22, "column": 2 }
				},
				"line": 15
			}
		},
		"branchMap": {
			"0": {
				"loc": {
					"start": { "line": 18, "column": 2 },
					"end": { "line": 21, "column": 3 }
				},
				"type": "if",
				"locations": [
					{
						"start": { "line": 18, "column": 2 },
						"end": { "line": 21, "column": 3 }
					},
					{ "start": {}, "end": {} }
				],
				"line": 18
			}
		},
		"s": {
			"0": 0,
			"1": 0,
			"2": 0,
			"3": 0,
			"4": 0,
			"5": 0,
			"6": 0,
			"7": 0,
			"8": 0
		},
		"f": { "0": 0, "1": 0 },
		"b": { "0": [0, 0] }
	},
	"/Users/taidinh/Codes/projectMovie/src/components/organisms/index.ts": {
		"path": "/Users/taidinh/Codes/projectMovie/src/components/organisms/index.ts",
		"statementMap": {},
		"fnMap": {},
		"branchMap": {},
		"s": {},
		"f": {},
		"b": {}
	},
	"/Users/taidinh/Codes/projectMovie/src/components/organisms/footer/Footer.tsx": {
		"path": "/Users/taidinh/Codes/projectMovie/src/components/organisms/footer/Footer.tsx",
		"statementMap": {
			"0": {
				"start": { "line": 9, "column": 19 },
				"end": { "line": 41, "column": 1 }
			},
			"1": {
				"start": { "line": 10, "column": 1 },
				"end": { "line": 40, "column": 3 }
			}
		},
		"fnMap": {
			"0": {
				"name": "(anonymous_0)",
				"decl": {
					"start": { "line": 9, "column": 19 },
					"end": { "line": 9, "column": 20 }
				},
				"loc": {
					"start": { "line": 9, "column": 25 },
					"end": { "line": 41, "column": 1 }
				},
				"line": 9
			}
		},
		"branchMap": {},
		"s": { "0": 0, "1": 0 },
		"f": { "0": 0 },
		"b": {}
	},
	"/Users/taidinh/Codes/projectMovie/src/components/organisms/header/Header.tsx": {
		"path": "/Users/taidinh/Codes/projectMovie/src/components/organisms/header/Header.tsx",
		"statementMap": {
			"0": {
				"start": { "line": 13, "column": 18 },
				"end": { "line": 26, "column": 1 }
			},
			"1": {
				"start": { "line": 28, "column": 19 },
				"end": { "line": 72, "column": 1 }
			},
			"2": {
				"start": { "line": 29, "column": 22 },
				"end": { "line": 29, "column": 35 }
			},
			"3": {
				"start": { "line": 30, "column": 19 },
				"end": { "line": 30, "column": 54 }
			},
			"4": {
				"start": { "line": 32, "column": 16 },
				"end": { "line": 32, "column": 63 }
			},
			"5": {
				"start": { "line": 32, "column": 43 },
				"end": { "line": 32, "column": 62 }
			},
			"6": {
				"start": { "line": 34, "column": 1 },
				"end": { "line": 53, "column": 8 }
			},
			"7": {
				"start": { "line": 35, "column": 23 },
				"end": { "line": 46, "column": 3 }
			},
			"8": {
				"start": { "line": 36, "column": 3 },
				"end": { "line": 45, "column": 4 }
			},
			"9": {
				"start": { "line": 37, "column": 4 },
				"end": { "line": 44, "column": 5 }
			},
			"10": {
				"start": { "line": 41, "column": 5 },
				"end": { "line": 41, "column": 47 }
			},
			"11": {
				"start": { "line": 43, "column": 5 },
				"end": { "line": 43, "column": 50 }
			},
			"12": {
				"start": { "line": 48, "column": 2 },
				"end": { "line": 48, "column": 50 }
			},
			"13": {
				"start": { "line": 50, "column": 2 },
				"end": { "line": 52, "column": 4 }
			},
			"14": {
				"start": { "line": 51, "column": 3 },
				"end": { "line": 51, "column": 54 }
			},
			"15": {
				"start": { "line": 55, "column": 1 },
				"end": { "line": 71, "column": 3 }
			},
			"16": {
				"start": { "line": 64, "column": 6 },
				"end": { "line": 66, "column": 11 }
			}
		},
		"fnMap": {
			"0": {
				"name": "(anonymous_0)",
				"decl": {
					"start": { "line": 28, "column": 19 },
					"end": { "line": 28, "column": 20 }
				},
				"loc": {
					"start": { "line": 28, "column": 25 },
					"end": { "line": 72, "column": 1 }
				},
				"line": 28
			},
			"1": {
				"name": "(anonymous_1)",
				"decl": {
					"start": { "line": 32, "column": 36 },
					"end": { "line": 32, "column": 37 }
				},
				"loc": {
					"start": { "line": 32, "column": 43 },
					"end": { "line": 32, "column": 62 }
				},
				"line": 32
			},
			"2": {
				"name": "(anonymous_2)",
				"decl": {
					"start": { "line": 34, "column": 11 },
					"end": { "line": 34, "column": 12 }
				},
				"loc": {
					"start": { "line": 34, "column": 17 },
					"end": { "line": 53, "column": 2 }
				},
				"line": 34
			},
			"3": {
				"name": "(anonymous_3)",
				"decl": {
					"start": { "line": 35, "column": 23 },
					"end": { "line": 35, "column": 24 }
				},
				"loc": {
					"start": { "line": 35, "column": 29 },
					"end": { "line": 46, "column": 3 }
				},
				"line": 35
			},
			"4": {
				"name": "(anonymous_4)",
				"decl": {
					"start": { "line": 50, "column": 9 },
					"end": { "line": 50, "column": 10 }
				},
				"loc": {
					"start": { "line": 50, "column": 15 },
					"end": { "line": 52, "column": 3 }
				},
				"line": 50
			},
			"5": {
				"name": "(anonymous_5)",
				"decl": {
					"start": { "line": 63, "column": 20 },
					"end": { "line": 63, "column": 21 }
				},
				"loc": {
					"start": { "line": 64, "column": 6 },
					"end": { "line": 66, "column": 11 }
				},
				"line": 64
			}
		},
		"branchMap": {
			"0": {
				"loc": {
					"start": { "line": 36, "column": 3 },
					"end": { "line": 45, "column": 4 }
				},
				"type": "if",
				"locations": [
					{
						"start": { "line": 36, "column": 3 },
						"end": { "line": 45, "column": 4 }
					},
					{ "start": {}, "end": {} }
				],
				"line": 36
			},
			"1": {
				"loc": {
					"start": { "line": 37, "column": 4 },
					"end": { "line": 44, "column": 5 }
				},
				"type": "if",
				"locations": [
					{
						"start": { "line": 37, "column": 4 },
						"end": { "line": 44, "column": 5 }
					},
					{
						"start": { "line": 42, "column": 11 },
						"end": { "line": 44, "column": 5 }
					}
				],
				"line": 37
			},
			"2": {
				"loc": {
					"start": { "line": 38, "column": 5 },
					"end": { "line": 39, "column": 45 }
				},
				"type": "binary-expr",
				"locations": [
					{
						"start": { "line": 38, "column": 5 },
						"end": { "line": 38, "column": 34 }
					},
					{
						"start": { "line": 39, "column": 5 },
						"end": { "line": 39, "column": 45 }
					}
				],
				"line": 38
			},
			"3": {
				"loc": {
					"start": { "line": 64, "column": 32 },
					"end": { "line": 64, "column": 60 }
				},
				"type": "cond-expr",
				"locations": [
					{
						"start": { "line": 64, "column": 47 },
						"end": { "line": 64, "column": 55 }
					},
					{
						"start": { "line": 64, "column": 58 },
						"end": { "line": 64, "column": 60 }
					}
				],
				"line": 64
			}
		},
		"s": {
			"0": 0,
			"1": 0,
			"2": 0,
			"3": 0,
			"4": 0,
			"5": 0,
			"6": 0,
			"7": 0,
			"8": 0,
			"9": 0,
			"10": 0,
			"11": 0,
			"12": 0,
			"13": 0,
			"14": 0,
			"15": 0,
			"16": 0
		},
		"f": { "0": 0, "1": 0, "2": 0, "3": 0, "4": 0, "5": 0 },
		"b": { "0": [0, 0], "1": [0, 0], "2": [0, 0], "3": [0, 0] }
	},
	"/Users/taidinh/Codes/projectMovie/src/components/organisms/movieList/MovieList.tsx": {
		"path": "/Users/taidinh/Codes/projectMovie/src/components/organisms/movieList/MovieList.tsx",
		"statementMap": {
			"0": {
				"start": { "line": 21, "column": 30 },
				"end": { "line": 66, "column": 1 }
			},
			"1": {
				"start": { "line": 22, "column": 27 },
				"end": { "line": 22, "column": 62 }
			},
			"2": {
				"start": { "line": 23, "column": 1 },
				"end": { "line": 23, "column": 60 }
			},
			"3": {
				"start": { "line": 25, "column": 1 },
				"end": { "line": 47, "column": 8 }
			},
			"4": {
				"start": { "line": 26, "column": 18 },
				"end": { "line": 44, "column": 3 }
			},
			"5": {
				"start": { "line": 27, "column": 18 },
				"end": { "line": 27, "column": 22 }
			},
			"6": {
				"start": { "line": 28, "column": 18 },
				"end": { "line": 28, "column": 20 }
			},
			"7": {
				"start": { "line": 30, "column": 3 },
				"end": { "line": 42, "column": 4 }
			},
			"8": {
				"start": { "line": 31, "column": 4 },
				"end": { "line": 31, "column": 57 }
			},
			"9": {
				"start": { "line": 33, "column": 4 },
				"end": { "line": 41, "column": 5 }
			},
			"10": {
				"start": { "line": 35, "column": 5 },
				"end": { "line": 37, "column": 8 }
			},
			"11": {
				"start": { "line": 38, "column": 5 },
				"end": { "line": 38, "column": 11 }
			},
			"12": {
				"start": { "line": 40, "column": 5 },
				"end": { "line": 40, "column": 69 }
			},
			"13": {
				"start": { "line": 43, "column": 3 },
				"end": { "line": 43, "column": 35 }
			},
			"14": {
				"start": { "line": 46, "column": 2 },
				"end": { "line": 46, "column": 12 }
			},
			"15": {
				"start": { "line": 49, "column": 1 },
				"end": { "line": 65, "column": 3 }
			},
			"16": {
				"start": { "line": 59, "column": 5 },
				"end": { "line": 61, "column": 19 }
			}
		},
		"fnMap": {
			"0": {
				"name": "(anonymous_0)",
				"decl": {
					"start": { "line": 21, "column": 30 },
					"end": { "line": 21, "column": 31 }
				},
				"loc": {
					"start": { "line": 21, "column": 58 },
					"end": { "line": 66, "column": 1 }
				},
				"line": 21
			},
			"1": {
				"name": "(anonymous_1)",
				"decl": {
					"start": { "line": 25, "column": 11 },
					"end": { "line": 25, "column": 12 }
				},
				"loc": {
					"start": { "line": 25, "column": 17 },
					"end": { "line": 47, "column": 2 }
				},
				"line": 25
			},
			"2": {
				"name": "(anonymous_2)",
				"decl": {
					"start": { "line": 26, "column": 18 },
					"end": { "line": 26, "column": 19 }
				},
				"loc": {
					"start": { "line": 26, "column": 30 },
					"end": { "line": 44, "column": 3 }
				},
				"line": 26
			},
			"3": {
				"name": "(anonymous_3)",
				"decl": {
					"start": { "line": 58, "column": 15 },
					"end": { "line": 58, "column": 16 }
				},
				"loc": {
					"start": { "line": 59, "column": 5 },
					"end": { "line": 61, "column": 19 }
				},
				"line": 59
			}
		},
		"branchMap": {
			"0": {
				"loc": {
					"start": { "line": 30, "column": 3 },
					"end": { "line": 42, "column": 4 }
				},
				"type": "if",
				"locations": [
					{
						"start": { "line": 30, "column": 3 },
						"end": { "line": 42, "column": 4 }
					},
					{
						"start": { "line": 32, "column": 10 },
						"end": { "line": 42, "column": 4 }
					}
				],
				"line": 30
			},
			"1": {
				"loc": {
					"start": { "line": 31, "column": 47 },
					"end": { "line": 31, "column": 55 }
				},
				"type": "binary-expr",
				"locations": [
					{
						"start": { "line": 31, "column": 47 },
						"end": { "line": 31, "column": 49 }
					},
					{
						"start": { "line": 31, "column": 53 },
						"end": { "line": 31, "column": 55 }
					}
				],
				"line": 31
			},
			"2": {
				"loc": {
					"start": { "line": 33, "column": 4 },
					"end": { "line": 41, "column": 5 }
				},
				"type": "switch",
				"locations": [
					{
						"start": { "line": 34, "column": 4 },
						"end": { "line": 38, "column": 11 }
					},
					{
						"start": { "line": 39, "column": 4 },
						"end": { "line": 40, "column": 69 }
					}
				],
				"line": 33
			}
		},
		"s": {
			"0": 0,
			"1": 0,
			"2": 0,
			"3": 0,
			"4": 0,
			"5": 0,
			"6": 0,
			"7": 0,
			"8": 0,
			"9": 0,
			"10": 0,
			"11": 0,
			"12": 0,
			"13": 0,
			"14": 0,
			"15": 0,
			"16": 0
		},
		"f": { "0": 0, "1": 0, "2": 0, "3": 0 },
		"b": { "0": [0, 0], "1": [0, 0], "2": [0, 0] }
	},
	"/Users/taidinh/Codes/projectMovie/src/components/templates/Catalog.tsx": {
		"path": "/Users/taidinh/Codes/projectMovie/src/components/templates/Catalog.tsx",
		"statementMap": {
			"0": {
				"start": { "line": 7, "column": 16 },
				"end": { "line": 24, "column": 1 }
			},
			"1": {
				"start": { "line": 8, "column": 22 },
				"end": { "line": 8, "column": 35 }
			},
			"2": {
				"start": { "line": 9, "column": 18 },
				"end": { "line": 9, "column": 35 }
			},
			"3": {
				"start": { "line": 11, "column": 1 },
				"end": { "line": 23, "column": 3 }
			}
		},
		"fnMap": {
			"0": {
				"name": "(anonymous_0)",
				"decl": {
					"start": { "line": 7, "column": 16 },
					"end": { "line": 7, "column": 17 }
				},
				"loc": {
					"start": { "line": 7, "column": 22 },
					"end": { "line": 24, "column": 1 }
				},
				"line": 7
			}
		},
		"branchMap": {
			"0": {
				"loc": {
					"start": { "line": 14, "column": 5 },
					"end": { "line": 14, "column": 53 }
				},
				"type": "cond-expr",
				"locations": [
					{
						"start": { "line": 14, "column": 31 },
						"end": { "line": 14, "column": 39 }
					},
					{
						"start": { "line": 14, "column": 42 },
						"end": { "line": 14, "column": 53 }
					}
				],
				"line": 14
			}
		},
		"s": { "0": 0, "1": 0, "2": 0, "3": 0 },
		"f": { "0": 0 },
		"b": { "0": [0, 0] }
	},
	"/Users/taidinh/Codes/projectMovie/src/components/templates/Home.tsx": {
		"path": "/Users/taidinh/Codes/projectMovie/src/components/templates/Home.tsx",
		"statementMap": {
			"0": {
				"start": { "line": 9, "column": 13 },
				"end": { "line": 40, "column": 1 }
			},
			"1": {
				"start": { "line": 10, "column": 1 },
				"end": { "line": 39, "column": 3 }
			}
		},
		"fnMap": {
			"0": {
				"name": "(anonymous_0)",
				"decl": {
					"start": { "line": 9, "column": 13 },
					"end": { "line": 9, "column": 14 }
				},
				"loc": {
					"start": { "line": 9, "column": 19 },
					"end": { "line": 40, "column": 1 }
				},
				"line": 9
			}
		},
		"branchMap": {},
		"s": { "0": 0, "1": 0 },
		"f": { "0": 0 },
		"b": {}
	},
	"/Users/taidinh/Codes/projectMovie/src/components/templates/detail/CastList.tsx": {
		"path": "/Users/taidinh/Codes/projectMovie/src/components/templates/detail/CastList.tsx",
		"statementMap": {
			"0": {
				"start": { "line": 13, "column": 29 },
				"end": { "line": 45, "column": 1 }
			},
			"1": {
				"start": { "line": 14, "column": 27 },
				"end": { "line": 14, "column": 55 }
			},
			"2": {
				"start": { "line": 15, "column": 1 },
				"end": { "line": 15, "column": 59 }
			},
			"3": {
				"start": { "line": 17, "column": 1 },
				"end": { "line": 26, "column": 20 }
			},
			"4": {
				"start": { "line": 18, "column": 21 },
				"end": { "line": 24, "column": 3 }
			},
			"5": {
				"start": { "line": 21, "column": 7 },
				"end": { "line": 21, "column": 42 }
			},
			"6": {
				"start": { "line": 23, "column": 3 },
				"end": { "line": 23, "column": 30 }
			},
			"7": {
				"start": { "line": 25, "column": 2 },
				"end": { "line": 25, "column": 15 }
			},
			"8": {
				"start": { "line": 27, "column": 1 },
				"end": { "line": 44, "column": 3 }
			},
			"9": {
				"start": { "line": 30, "column": 16 },
				"end": { "line": 30, "column": 54 }
			},
			"10": {
				"start": { "line": 31, "column": 4 },
				"end": { "line": 31, "column": 21 }
			},
			"11": {
				"start": { "line": 33, "column": 4 },
				"end": { "line": 41, "column": 6 }
			}
		},
		"fnMap": {
			"0": {
				"name": "(anonymous_0)",
				"decl": {
					"start": { "line": 13, "column": 29 },
					"end": { "line": 13, "column": 30 }
				},
				"loc": {
					"start": { "line": 13, "column": 51 },
					"end": { "line": 45, "column": 1 }
				},
				"line": 13
			},
			"1": {
				"name": "(anonymous_1)",
				"decl": {
					"start": { "line": 17, "column": 11 },
					"end": { "line": 17, "column": 12 }
				},
				"loc": {
					"start": { "line": 17, "column": 17 },
					"end": { "line": 26, "column": 2 }
				},
				"line": 17
			},
			"2": {
				"name": "(anonymous_2)",
				"decl": {
					"start": { "line": 18, "column": 21 },
					"end": { "line": 18, "column": 22 }
				},
				"loc": {
					"start": { "line": 18, "column": 33 },
					"end": { "line": 24, "column": 3 }
				},
				"line": 18
			},
			"3": {
				"name": "(anonymous_3)",
				"decl": {
					"start": { "line": 29, "column": 14 },
					"end": { "line": 29, "column": 15 }
				},
				"loc": {
					"start": { "line": 29, "column": 27 },
					"end": { "line": 42, "column": 4 }
				},
				"line": 29
			}
		},
		"branchMap": {},
		"s": {
			"0": 0,
			"1": 0,
			"2": 0,
			"3": 0,
			"4": 0,
			"5": 0,
			"6": 0,
			"7": 0,
			"8": 0,
			"9": 0,
			"10": 0,
			"11": 0
		},
		"f": { "0": 0, "1": 0, "2": 0, "3": 0 },
		"b": {}
	},
	"/Users/taidinh/Codes/projectMovie/src/components/templates/detail/Detail.tsx": {
		"path": "/Users/taidinh/Codes/projectMovie/src/components/templates/detail/Detail.tsx",
		"statementMap": {
			"0": {
				"start": { "line": 12, "column": 15 },
				"end": { "line": 91, "column": 1 }
			},
			"1": {
				"start": { "line": 13, "column": 22 },
				"end": { "line": 13, "column": 35 }
			},
			"2": {
				"start": { "line": 14, "column": 16 },
				"end": { "line": 14, "column": 27 }
			},
			"3": {
				"start": { "line": 15, "column": 18 },
				"end": { "line": 15, "column": 49 }
			},
			"4": {
				"start": { "line": 17, "column": 27 },
				"end": { "line": 17, "column": 58 }
			},
			"5": {
				"start": { "line": 19, "column": 1 },
				"end": { "line": 28, "column": 20 }
			},
			"6": {
				"start": { "line": 20, "column": 20 },
				"end": { "line": 25, "column": 3 }
			},
			"7": {
				"start": { "line": 21, "column": 3 },
				"end": { "line": 21, "column": 19 }
			},
			"8": {
				"start": { "line": 21, "column": 12 },
				"end": { "line": 21, "column": 19 }
			},
			"9": {
				"start": { "line": 22, "column": 20 },
				"end": { "line": 22, "column": 70 }
			},
			"10": {
				"start": { "line": 23, "column": 3 },
				"end": { "line": 23, "column": 27 }
			},
			"11": {
				"start": { "line": 24, "column": 3 },
				"end": { "line": 24, "column": 25 }
			},
			"12": {
				"start": { "line": 27, "column": 2 },
				"end": { "line": 27, "column": 14 }
			},
			"13": {
				"start": { "line": 30, "column": 1 },
				"end": { "line": 90, "column": 3 }
			},
			"14": {
				"start": { "line": 58, "column": 10 },
				"end": { "line": 60, "column": 17 }
			}
		},
		"fnMap": {
			"0": {
				"name": "(anonymous_0)",
				"decl": {
					"start": { "line": 12, "column": 15 },
					"end": { "line": 12, "column": 16 }
				},
				"loc": {
					"start": { "line": 12, "column": 21 },
					"end": { "line": 91, "column": 1 }
				},
				"line": 12
			},
			"1": {
				"name": "(anonymous_1)",
				"decl": {
					"start": { "line": 19, "column": 11 },
					"end": { "line": 19, "column": 12 }
				},
				"loc": {
					"start": { "line": 19, "column": 17 },
					"end": { "line": 28, "column": 2 }
				},
				"line": 19
			},
			"2": {
				"name": "(anonymous_2)",
				"decl": {
					"start": { "line": 20, "column": 20 },
					"end": { "line": 20, "column": 21 }
				},
				"loc": {
					"start": { "line": 20, "column": 32 },
					"end": { "line": 25, "column": 3 }
				},
				"line": 20
			},
			"3": {
				"name": "(anonymous_3)",
				"decl": {
					"start": { "line": 57, "column": 38 },
					"end": { "line": 57, "column": 39 }
				},
				"loc": {
					"start": { "line": 58, "column": 10 },
					"end": { "line": 60, "column": 17 }
				},
				"line": 58
			}
		},
		"branchMap": {
			"0": {
				"loc": {
					"start": { "line": 21, "column": 3 },
					"end": { "line": 21, "column": 19 }
				},
				"type": "if",
				"locations": [
					{
						"start": { "line": 21, "column": 3 },
						"end": { "line": 21, "column": 19 }
					},
					{ "start": {}, "end": {} }
				],
				"line": 21
			},
			"1": {
				"loc": {
					"start": { "line": 32, "column": 4 },
					"end": { "line": 88, "column": 4 }
				},
				"type": "binary-expr",
				"locations": [
					{
						"start": { "line": 32, "column": 4 },
						"end": { "line": 32, "column": 9 }
					},
					{
						"start": { "line": 33, "column": 4 },
						"end": { "line": 87, "column": 7 }
					}
				],
				"line": 32
			},
			"2": {
				"loc": {
					"start": { "line": 38, "column": 8 },
					"end": { "line": 38, "column": 48 }
				},
				"type": "binary-expr",
				"locations": [
					{
						"start": { "line": 38, "column": 8 },
						"end": { "line": 38, "column": 27 }
					},
					{
						"start": { "line": 38, "column": 31 },
						"end": { "line": 38, "column": 48 }
					}
				],
				"line": 38
			},
			"3": {
				"loc": {
					"start": { "line": 48, "column": 10 },
					"end": { "line": 48, "column": 50 }
				},
				"type": "binary-expr",
				"locations": [
					{
						"start": { "line": 48, "column": 10 },
						"end": { "line": 48, "column": 27 }
					},
					{
						"start": { "line": 48, "column": 31 },
						"end": { "line": 48, "column": 50 }
					}
				],
				"line": 48
			},
			"4": {
				"loc": {
					"start": { "line": 54, "column": 30 },
					"end": { "line": 54, "column": 55 }
				},
				"type": "binary-expr",
				"locations": [
					{
						"start": { "line": 54, "column": 30 },
						"end": { "line": 54, "column": 41 }
					},
					{
						"start": { "line": 54, "column": 45 },
						"end": { "line": 54, "column": 55 }
					}
				],
				"line": 54
			},
			"5": {
				"loc": {
					"start": { "line": 56, "column": 9 },
					"end": { "line": 61, "column": 11 }
				},
				"type": "binary-expr",
				"locations": [
					{
						"start": { "line": 56, "column": 9 },
						"end": { "line": 56, "column": 21 }
					},
					{
						"start": { "line": 57, "column": 9 },
						"end": { "line": 61, "column": 11 }
					}
				],
				"line": 56
			}
		},
		"s": {
			"0": 0,
			"1": 0,
			"2": 0,
			"3": 0,
			"4": 0,
			"5": 0,
			"6": 0,
			"7": 0,
			"8": 0,
			"9": 0,
			"10": 0,
			"11": 0,
			"12": 0,
			"13": 0,
			"14": 0
		},
		"f": { "0": 0, "1": 0, "2": 0, "3": 0 },
		"b": {
			"0": [0, 0],
			"1": [0, 0],
			"2": [0, 0],
			"3": [0, 0],
			"4": [0, 0],
			"5": [0, 0]
		}
	},
	"/Users/taidinh/Codes/projectMovie/src/components/templates/detail/VideoList.tsx": {
		"path": "/Users/taidinh/Codes/projectMovie/src/components/templates/detail/VideoList.tsx",
		"statementMap": {
			"0": {
				"start": { "line": 12, "column": 30 },
				"end": { "line": 33, "column": 1 }
			},
			"1": {
				"start": { "line": 13, "column": 29 },
				"end": { "line": 13, "column": 69 }
			},
			"2": {
				"start": { "line": 15, "column": 1 },
				"end": { "line": 24, "column": 20 }
			},
			"3": {
				"start": { "line": 16, "column": 20 },
				"end": { "line": 22, "column": 3 }
			},
			"4": {
				"start": { "line": 19, "column": 7 },
				"end": { "line": 19, "column": 44 }
			},
			"5": {
				"start": { "line": 21, "column": 3 },
				"end": { "line": 21, "column": 34 }
			},
			"6": {
				"start": { "line": 23, "column": 2 },
				"end": { "line": 23, "column": 14 }
			},
			"7": {
				"start": { "line": 26, "column": 1 },
				"end": { "line": 32, "column": 3 }
			},
			"8": {
				"start": { "line": 29, "column": 4 },
				"end": { "line": 29, "column": 35 }
			},
			"9": {
				"start": { "line": 39, "column": 31 },
				"end": { "line": 61, "column": 1 }
			},
			"10": {
				"start": { "line": 40, "column": 19 },
				"end": { "line": 40, "column": 57 }
			},
			"11": {
				"start": { "line": 42, "column": 1 },
				"end": { "line": 46, "column": 8 }
			},
			"12": {
				"start": { "line": 43, "column": 2 },
				"end": { "line": 43, "column": 33 }
			},
			"13": {
				"start": { "line": 43, "column": 26 },
				"end": { "line": 43, "column": 33 }
			},
			"14": {
				"start": { "line": 44, "column": 17 },
				"end": { "line": 44, "column": 64 }
			},
			"15": {
				"start": { "line": 45, "column": 2 },
				"end": { "line": 45, "column": 51 }
			},
			"16": {
				"start": { "line": 48, "column": 1 },
				"end": { "line": 60, "column": 3 }
			}
		},
		"fnMap": {
			"0": {
				"name": "(anonymous_0)",
				"decl": {
					"start": { "line": 12, "column": 30 },
					"end": { "line": 12, "column": 31 }
				},
				"loc": {
					"start": { "line": 12, "column": 52 },
					"end": { "line": 33, "column": 1 }
				},
				"line": 12
			},
			"1": {
				"name": "(anonymous_1)",
				"decl": {
					"start": { "line": 15, "column": 11 },
					"end": { "line": 15, "column": 12 }
				},
				"loc": {
					"start": { "line": 15, "column": 17 },
					"end": { "line": 24, "column": 2 }
				},
				"line": 15
			},
			"2": {
				"name": "(anonymous_2)",
				"decl": {
					"start": { "line": 16, "column": 20 },
					"end": { "line": 16, "column": 21 }
				},
				"loc": {
					"start": { "line": 16, "column": 32 },
					"end": { "line": 22, "column": 3 }
				},
				"line": 16
			},
			"3": {
				"name": "(anonymous_3)",
				"decl": {
					"start": { "line": 28, "column": 15 },
					"end": { "line": 28, "column": 16 }
				},
				"loc": {
					"start": { "line": 29, "column": 4 },
					"end": { "line": 29, "column": 35 }
				},
				"line": 29
			},
			"4": {
				"name": "(anonymous_4)",
				"decl": {
					"start": { "line": 39, "column": 31 },
					"end": { "line": 39, "column": 32 }
				},
				"loc": {
					"start": { "line": 39, "column": 46 },
					"end": { "line": 61, "column": 1 }
				},
				"line": 39
			},
			"5": {
				"name": "(anonymous_5)",
				"decl": {
					"start": { "line": 42, "column": 11 },
					"end": { "line": 42, "column": 12 }
				},
				"loc": {
					"start": { "line": 42, "column": 17 },
					"end": { "line": 46, "column": 2 }
				},
				"line": 42
			}
		},
		"branchMap": {
			"0": {
				"loc": {
					"start": { "line": 43, "column": 2 },
					"end": { "line": 43, "column": 33 }
				},
				"type": "if",
				"locations": [
					{
						"start": { "line": 43, "column": 2 },
						"end": { "line": 43, "column": 33 }
					},
					{ "start": {}, "end": {} }
				],
				"line": 43
			}
		},
		"s": {
			"0": 0,
			"1": 0,
			"2": 0,
			"3": 0,
			"4": 0,
			"5": 0,
			"6": 0,
			"7": 0,
			"8": 0,
			"9": 0,
			"10": 0,
			"11": 0,
			"12": 0,
			"13": 0,
			"14": 0,
			"15": 0,
			"16": 0
		},
		"f": { "0": 0, "1": 0, "2": 0, "3": 0, "4": 0, "5": 0 },
		"b": { "0": [0, 0] }
	},
	"/Users/taidinh/Codes/projectMovie/src/routes/Routes.tsx": {
		"path": "/Users/taidinh/Codes/projectMovie/src/routes/Routes.tsx",
		"statementMap": {
			"0": {
				"start": { "line": 7, "column": 21 },
				"end": { "line": 17, "column": 1 }
			},
			"1": {
				"start": { "line": 8, "column": 1 },
				"end": { "line": 16, "column": 3 }
			}
		},
		"fnMap": {
			"0": {
				"name": "(anonymous_0)",
				"decl": {
					"start": { "line": 7, "column": 21 },
					"end": { "line": 7, "column": 22 }
				},
				"loc": {
					"start": { "line": 7, "column": 27 },
					"end": { "line": 17, "column": 1 }
				},
				"line": 7
			}
		},
		"branchMap": {},
		"s": { "0": 0, "1": 0 },
		"f": { "0": 0 },
		"b": {}
	},
	"/Users/taidinh/Codes/projectMovie/src/utils/useDebounce/useDebounce.ts": {
		"path": "/Users/taidinh/Codes/projectMovie/src/utils/useDebounce/useDebounce.ts",
		"statementMap": {
			"0": {
				"start": { "line": 4, "column": 43 },
				"end": { "line": 4, "column": 61 }
			},
			"1": {
				"start": { "line": 6, "column": 1 },
				"end": { "line": 12, "column": 20 }
			},
			"2": {
				"start": { "line": 7, "column": 16 },
				"end": { "line": 7, "column": 71 }
			},
			"3": {
				"start": { "line": 7, "column": 33 },
				"end": { "line": 7, "column": 56 }
			},
			"4": {
				"start": { "line": 9, "column": 2 },
				"end": { "line": 11, "column": 4 }
			},
			"5": {
				"start": { "line": 10, "column": 3 },
				"end": { "line": 10, "column": 23 }
			},
			"6": {
				"start": { "line": 14, "column": 1 },
				"end": { "line": 14, "column": 22 }
			}
		},
		"fnMap": {
			"0": {
				"name": "useDebounce",
				"decl": {
					"start": { "line": 3, "column": 24 },
					"end": { "line": 3, "column": 35 }
				},
				"loc": {
					"start": { "line": 3, "column": 68 },
					"end": { "line": 15, "column": 1 }
				},
				"line": 3
			},
			"1": {
				"name": "(anonymous_1)",
				"decl": {
					"start": { "line": 6, "column": 11 },
					"end": { "line": 6, "column": 12 }
				},
				"loc": {
					"start": { "line": 6, "column": 17 },
					"end": { "line": 12, "column": 2 }
				},
				"line": 6
			},
			"2": {
				"name": "(anonymous_2)",
				"decl": {
					"start": { "line": 7, "column": 27 },
					"end": { "line": 7, "column": 28 }
				},
				"loc": {
					"start": { "line": 7, "column": 33 },
					"end": { "line": 7, "column": 56 }
				},
				"line": 7
			},
			"3": {
				"name": "(anonymous_3)",
				"decl": {
					"start": { "line": 9, "column": 9 },
					"end": { "line": 9, "column": 10 }
				},
				"loc": {
					"start": { "line": 9, "column": 15 },
					"end": { "line": 11, "column": 3 }
				},
				"line": 9
			}
		},
		"branchMap": {
			"0": {
				"loc": {
					"start": { "line": 7, "column": 58 },
					"end": { "line": 7, "column": 70 }
				},
				"type": "binary-expr",
				"locations": [
					{
						"start": { "line": 7, "column": 58 },
						"end": { "line": 7, "column": 63 }
					},
					{
						"start": { "line": 7, "column": 67 },
						"end": { "line": 7, "column": 70 }
					}
				],
				"line": 7
			}
		},
		"s": { "0": 0, "1": 0, "2": 0, "3": 0, "4": 0, "5": 0, "6": 0 },
		"f": { "0": 0, "1": 0, "2": 0, "3": 0 },
		"b": { "0": [0, 0] }
	},
	"/Users/taidinh/Codes/projectMovie/src/utils/useIntersectionObserver/useIntersectionObserver.ts": {
		"path": "/Users/taidinh/Codes/projectMovie/src/utils/useIntersectionObserver/useIntersectionObserver.ts",
		"statementMap": {},
		"fnMap": {},
		"branchMap": {},
		"s": {},
		"f": {},
		"b": {}
	},
	"/Users/taidinh/Codes/projectMovie/src/utils/useSearch/useSearch.ts": {
		"path": "/Users/taidinh/Codes/projectMovie/src/utils/useSearch/useSearch.ts",
		"statementMap": {
			"0": {
				"start": { "line": 10, "column": 31 },
				"end": { "line": 10, "column": 45 }
			},
			"1": {
				"start": { "line": 11, "column": 27 },
				"end": { "line": 11, "column": 62 }
			},
			"2": {
				"start": { "line": 13, "column": 18 },
				"end": { "line": 49, "column": 2 }
			},
			"3": {
				"start": { "line": 14, "column": 2 },
				"end": { "line": 14, "column": 19 }
			},
			"4": {
				"start": { "line": 15, "column": 17 },
				"end": { "line": 15, "column": 21 }
			},
			"5": {
				"start": { "line": 16, "column": 2 },
				"end": { "line": 46, "column": 3 }
			},
			"6": {
				"start": { "line": 17, "column": 18 },
				"end": { "line": 19, "column": 4 }
			},
			"7": {
				"start": { "line": 20, "column": 3 },
				"end": { "line": 28, "column": 4 }
			},
			"8": {
				"start": { "line": 22, "column": 4 },
				"end": { "line": 24, "column": 7 }
			},
			"9": {
				"start": { "line": 25, "column": 4 },
				"end": { "line": 25, "column": 10 }
			},
			"10": {
				"start": { "line": 27, "column": 4 },
				"end": { "line": 27, "column": 67 }
			},
			"11": {
				"start": { "line": 30, "column": 3 },
				"end": { "line": 34, "column": 4 }
			},
			"12": {
				"start": { "line": 31, "column": 24 },
				"end": { "line": 31, "column": 37 }
			},
			"13": {
				"start": { "line": 32, "column": 16 },
				"end": { "line": 32, "column": 47 }
			},
			"14": {
				"start": { "line": 33, "column": 4 },
				"end": { "line": 33, "column": 23 }
			},
			"15": {
				"start": { "line": 36, "column": 18 },
				"end": { "line": 39, "column": 4 }
			},
			"16": {
				"start": { "line": 40, "column": 3 },
				"end": { "line": 40, "column": 57 }
			},
			"17": {
				"start": { "line": 42, "column": 3 },
				"end": { "line": 45, "column": 4 }
			},
			"18": {
				"start": { "line": 43, "column": 24 },
				"end": { "line": 43, "column": 37 }
			},
			"19": {
				"start": { "line": 44, "column": 4 },
				"end": { "line": 44, "column": 27 }
			},
			"20": {
				"start": { "line": 48, "column": 2 },
				"end": { "line": 48, "column": 20 }
			},
			"21": {
				"start": { "line": 51, "column": 1 },
				"end": { "line": 55, "column": 19 }
			},
			"22": {
				"start": { "line": 52, "column": 2 },
				"end": { "line": 54, "column": 3 }
			},
			"23": {
				"start": { "line": 53, "column": 3 },
				"end": { "line": 53, "column": 14 }
			},
			"24": {
				"start": { "line": 57, "column": 1 },
				"end": { "line": 57, "column": 37 }
			}
		},
		"fnMap": {
			"0": {
				"name": "useSearch",
				"decl": {
					"start": { "line": 9, "column": 24 },
					"end": { "line": 9, "column": 33 }
				},
				"loc": {
					"start": { "line": 9, "column": 77 },
					"end": { "line": 58, "column": 1 }
				},
				"line": 9
			},
			"1": {
				"name": "(anonymous_1)",
				"decl": {
					"start": { "line": 13, "column": 18 },
					"end": { "line": 13, "column": 19 }
				},
				"loc": {
					"start": { "line": 13, "column": 30 },
					"end": { "line": 49, "column": 2 }
				},
				"line": 13
			},
			"2": {
				"name": "(anonymous_2)",
				"decl": {
					"start": { "line": 51, "column": 11 },
					"end": { "line": 51, "column": 12 }
				},
				"loc": {
					"start": { "line": 51, "column": 17 },
					"end": { "line": 55, "column": 2 }
				},
				"line": 51
			}
		},
		"branchMap": {
			"0": {
				"loc": {
					"start": { "line": 9, "column": 34 },
					"end": { "line": 9, "column": 44 }
				},
				"type": "default-arg",
				"locations": [
					{
						"start": { "line": 9, "column": 42 },
						"end": { "line": 9, "column": 44 }
					}
				],
				"line": 9
			},
			"1": {
				"loc": {
					"start": { "line": 16, "column": 2 },
					"end": { "line": 46, "column": 3 }
				},
				"type": "if",
				"locations": [
					{
						"start": { "line": 16, "column": 2 },
						"end": { "line": 46, "column": 3 }
					},
					{
						"start": { "line": 35, "column": 9 },
						"end": { "line": 46, "column": 3 }
					}
				],
				"line": 16
			},
			"2": {
				"loc": {
					"start": { "line": 20, "column": 3 },
					"end": { "line": 28, "column": 4 }
				},
				"type": "switch",
				"locations": [
					{
						"start": { "line": 21, "column": 3 },
						"end": { "line": 25, "column": 10 }
					},
					{
						"start": { "line": 26, "column": 3 },
						"end": { "line": 27, "column": 67 }
					}
				],
				"line": 20
			},
			"3": {
				"loc": {
					"start": { "line": 30, "column": 3 },
					"end": { "line": 34, "column": 4 }
				},
				"type": "if",
				"locations": [
					{
						"start": { "line": 30, "column": 3 },
						"end": { "line": 34, "column": 4 }
					},
					{ "start": {}, "end": {} }
				],
				"line": 30
			},
			"4": {
				"loc": {
					"start": { "line": 42, "column": 3 },
					"end": { "line": 45, "column": 4 }
				},
				"type": "if",
				"locations": [
					{
						"start": { "line": 42, "column": 3 },
						"end": { "line": 45, "column": 4 }
					},
					{ "start": {}, "end": {} }
				],
				"line": 42
			},
			"5": {
				"loc": {
					"start": { "line": 52, "column": 2 },
					"end": { "line": 54, "column": 3 }
				},
				"type": "if",
				"locations": [
					{
						"start": { "line": 52, "column": 2 },
						"end": { "line": 54, "column": 3 }
					},
					{ "start": {}, "end": {} }
				],
				"line": 52
			}
		},
		"s": {
			"0": 0,
			"1": 0,
			"2": 0,
			"3": 0,
			"4": 0,
			"5": 0,
			"6": 0,
			"7": 0,
			"8": 0,
			"9": 0,
			"10": 0,
			"11": 0,
			"12": 0,
			"13": 0,
			"14": 0,
			"15": 0,
			"16": 0,
			"17": 0,
			"18": 0,
			"19": 0,
			"20": 0,
			"21": 0,
			"22": 0,
			"23": 0,
			"24": 0
		},
		"f": { "0": 0, "1": 0, "2": 0 },
		"b": {
			"0": [0],
			"1": [0, 0],
			"2": [0, 0],
			"3": [0, 0],
			"4": [0, 0],
			"5": [0, 0]
		}
	}
}
